{"C:\\Users\\Piyush\\Desktop\\ReactJs\\ReactJs\\src\\components\\Contact.js": {"path":"C:\\Users\\Piyush\\Desktop\\ReactJs\\ReactJs\\src\\components\\Contact.js","statementMap":{"0":{"start":{"line":1,"column":16},"end":{"line":16,"column":1}},"1":{"start":{"line":2,"column":4},"end":{"line":15,"column":5}}},"fnMap":{"0":{"name":"(anonymous_0)","decl":{"start":{"line":1,"column":16},"end":{"line":1,"column":17}},"loc":{"start":{"line":1,"column":21},"end":{"line":16,"column":1}},"line":1}},"branchMap":{},"s":{"0":1,"1":3},"f":{"0":3},"b":{},"_coverageSchema":"1a1c01bbd47fc00a2c39e90264f33305004495a9","hash":"129cac47c732cdafd969964c97620eedbfe98aad"}
,"C:\\Users\\Piyush\\Desktop\\ReactJs\\ReactJs\\src\\components\\Sum.js": {"path":"C:\\Users\\Piyush\\Desktop\\ReactJs\\ReactJs\\src\\components\\Sum.js","statementMap":{"0":{"start":{"line":1,"column":11},"end":{"line":3,"column":1}},"1":{"start":{"line":2,"column":4},"end":{"line":2,"column":17}}},"fnMap":{"0":{"name":"(anonymous_0)","decl":{"start":{"line":1,"column":11},"end":{"line":1,"column":12}},"loc":{"start":{"line":1,"column":18},"end":{"line":3,"column":1}},"line":1}},"branchMap":{},"s":{"0":1,"1":1},"f":{"0":1},"b":{},"_coverageSchema":"1a1c01bbd47fc00a2c39e90264f33305004495a9","hash":"ad560040e47a750ea0fd1674ece72d5deecc5602"}
}
